Performing C++ SOURCE FILE Test HAVE_CXX_FLAG_WSHORTEN_64_TO_32 failed with the following output:
Change Dir: /home/dsferreira/dsantosferreira/programming/aed/aula7/cmake-build-debug/CMakeFiles/CMakeTmp

Run Build Command(s):/snap/clion/219/bin/ninja/linux/ninja cmTC_7a808 && [1/2] Building CXX object CMakeFiles/cmTC_7a808.dir/src.cxx.o
FAILED: CMakeFiles/cmTC_7a808.dir/src.cxx.o 
/usr/bin/c++ -DHAVE_CXX_FLAG_WSHORTEN_64_TO_32  -Wall  -Wextra  -Wshadow  -Wfloat-equal  -pedantic  -pedantic-errors  -Wshorten-64-to-32 -fdiagnostics-color=always   -Wshorten-64-to-32 -o CMakeFiles/cmTC_7a808.dir/src.cxx.o -c /home/dsferreira/dsantosferreira/programming/aed/aula7/cmake-build-debug/CMakeFiles/CMakeTmp/src.cxx
c++: error: unrecognized command-line option '-Wshorten-64-to-32'
c++: error: unrecognized command-line option '-Wshorten-64-to-32'
ninja: build stopped: subcommand failed.


Source file was:
int main() { return 0; }
Performing C++ SOURCE FILE Test HAVE_CXX_FLAG_WD654 failed with the following output:
Change Dir: /home/dsferreira/dsantosferreira/programming/aed/aula7/cmake-build-debug/CMakeFiles/CMakeTmp

Run Build Command(s):/snap/clion/219/bin/ninja/linux/ninja cmTC_e29d0 && [1/2] Building CXX object CMakeFiles/cmTC_e29d0.dir/src.cxx.o
FAILED: CMakeFiles/cmTC_e29d0.dir/src.cxx.o 
/usr/bin/c++ -DHAVE_CXX_FLAG_WD654  -Wall  -Wextra  -Wshadow  -Wfloat-equal  -pedantic  -pedantic-errors  -fstrict-aliasing  -Wno-deprecated-declarations  -Wstrict-aliasing  -wd654 -fdiagnostics-color=always   -wd654 -o CMakeFiles/cmTC_e29d0.dir/src.cxx.o -c /home/dsferreira/dsantosferreira/programming/aed/aula7/cmake-build-debug/CMakeFiles/CMakeTmp/src.cxx
c++: error: unrecognized command-line option '-wd654'
c++: error: unrecognized command-line option '-wd654'
ninja: build stopped: subcommand failed.


Source file was:
int main() { return 0; }
Performing C++ SOURCE FILE Test HAVE_CXX_FLAG_WTHREAD_SAFETY failed with the following output:
Change Dir: /home/dsferreira/dsantosferreira/programming/aed/aula7/cmake-build-debug/CMakeFiles/CMakeTmp

Run Build Command(s):/snap/clion/219/bin/ninja/linux/ninja cmTC_1723b && [1/2] Building CXX object CMakeFiles/cmTC_1723b.dir/src.cxx.o
FAILED: CMakeFiles/cmTC_1723b.dir/src.cxx.o 
/usr/bin/c++ -DHAVE_CXX_FLAG_WTHREAD_SAFETY  -Wall  -Wextra  -Wshadow  -Wfloat-equal  -pedantic  -pedantic-errors  -fstrict-aliasing  -Wno-deprecated-declarations  -Wstrict-aliasing  -Wthread-safety -fdiagnostics-color=always   -Wthread-safety -o CMakeFiles/cmTC_1723b.dir/src.cxx.o -c /home/dsferreira/dsantosferreira/programming/aed/aula7/cmake-build-debug/CMakeFiles/CMakeTmp/src.cxx
c++: error: unrecognized command-line option '-Wthread-safety'
c++: error: unrecognized command-line option '-Wthread-safety'
ninja: build stopped: subcommand failed.


Source file was:
int main() { return 0; }
